<?xml version="1.0" encoding="UTF-8"?>
<!-- Generated by org.testng.reporters.JUnitXMLReporter -->
<testsuite hostname="netstorm-TECRA-C50-C" ignored="0" name="ApplicationTest" tests="4" failures="0" timestamp="09 Sep 2018 10:35:02 GMT" time="0.036" errors="0">
  <testcase name="dispaly" time="0.009" classname="com.qa.FirstSuite"/>
  <testcase name="show" time="0.002" classname="com.qa.FirstSuite"/>
  <testcase name="look" time="0.001" classname="com.qa.SecondSuite"/>
  <testcase name="see" time="0.0" classname="com.qa.SecondSuite"/>
</testsuite> <!-- ApplicationTest -->
