<?xml version="1.0" encoding="UTF-8"?>
<testsuite xmlns:xsi="http://www.w3.org/2001/XMLSchema-instance" xsi:schemaLocation="https://maven.apache.org/surefire/maven-surefire-plugin/xsd/surefire-test-report.xsd" name="TestSuite" time="0.414" tests="4" errors="0" skipped="0" failures="0">
  <properties>
[...]
</properties>
  <testcase name="dispaly" classname="com.qa.FirstSuite" time="0.009"/>
  <testcase name="show" classname="com.qa.FirstSuite" time="0"/>
  <testcase name="look" classname="com.qa.SecondSuite" time="0.001"/>
  <testcase name="see" classname="com.qa.SecondSuite" time="0"/>
</testsuite>