<?xml version="1.0" encoding="UTF-8"?>
<testng-results skipped="0" failed="0" ignored="0" total="4" passed="4">
  <reporter-output>
  </reporter-output>
  <suite name="TestNG-Suite" duration-ms="36" started-at="2018-09-09T10:35:02Z" finished-at="2018-09-09T10:35:02Z">
    <groups>
    </groups>
    <test name="ApplicationTest" duration-ms="36" started-at="2018-09-09T10:35:02Z" finished-at="2018-09-09T10:35:02Z">
      <class name="com.qa.SecondSuite">
        <test-method status="PASS" signature="look()[pri:0, instance:com.qa.SecondSuite@1d251891]" name="look" duration-ms="1" started-at="2018-09-09T16:05:02Z" finished-at="2018-09-09T16:05:02Z">
          <reporter-output>
          </reporter-output>
        </test-method> <!-- look -->
        <test-method status="PASS" signature="see()[pri:0, instance:com.qa.SecondSuite@1d251891]" name="see" duration-ms="0" started-at="2018-09-09T16:05:02Z" finished-at="2018-09-09T16:05:02Z">
          <reporter-output>
          </reporter-output>
        </test-method> <!-- see -->
      </class> <!-- com.qa.SecondSuite -->
      <class name="com.qa.FirstSuite">
        <test-method status="PASS" signature="dispaly()[pri:0, instance:com.qa.FirstSuite@7c75222b]" name="dispaly" duration-ms="9" started-at="2018-09-09T16:05:02Z" finished-at="2018-09-09T16:05:02Z">
          <reporter-output>
          </reporter-output>
        </test-method> <!-- dispaly -->
        <test-method status="PASS" signature="show()[pri:0, instance:com.qa.FirstSuite@7c75222b]" name="show" duration-ms="2" started-at="2018-09-09T16:05:02Z" finished-at="2018-09-09T16:05:02Z">
          <reporter-output>
          </reporter-output>
        </test-method> <!-- show -->
      </class> <!-- com.qa.FirstSuite -->
    </test> <!-- ApplicationTest -->
  </suite> <!-- TestNG-Suite -->
</testng-results>
